<?xml version="1.0" encoding="UTF-8"?>
<!-- Generated by org.testng.reporters.JUnitXMLReporter -->
<testsuite ignored="18" hostname="DESKTOP-VC8FMVO" failures="0" tests="7" name="Default test" time="12.694" errors="0" timestamp="2023-06-29T11:08:01 IST">
  <testcase classname="NetMemTypeProfileTest._2_NetworkMemberProfileTest" name="@BeforeMethod setup" time="12.473">
    <failure type="org.openqa.selenium.NoSuchWindowException" message="no such window: target window already closed
from unknown error: web view not found
  (Session info: chrome=114.0.5735.199)
Build info: version: &amp;apos;4.0.0&amp;apos;, revision: &amp;apos;3a21814679&amp;apos;
System info: host: &amp;apos;DESKTOP-VC8FMVO&amp;apos;, ip: &amp;apos;172.31.224.1&amp;apos;, os.name: &amp;apos;Windows 10&amp;apos;, os.arch: &amp;apos;amd64&amp;apos;, os.version: &amp;apos;10.0&amp;apos;, java.version: &amp;apos;19.0.2&amp;apos;
Driver info: org.openqa.selenium.chrome.ChromeDriver
Command: [1d213db28513ee5a2a62fb35e1465d62, maximizeCurrentWindow {}]
Capabilities {acceptInsecureCerts: false, browserName: chrome, browserVersion: 114.0.5735.199, chrome: {chromedriverVersion: 114.0.5735.90 (386bc09e8f4f..., userDataDir: C:\Users\Admin\AppData\Loca...}, goog:chromeOptions: {debuggerAddress: localhost:52256}, javascriptEnabled: true, networkConnectionEnabled: false, pageLoadStrategy: normal, platform: WINDOWS, platformName: WINDOWS, proxy: Proxy(), se:cdp: ws://localhost:52256/devtoo..., se:cdpVersion: 114.0.5735.199, setWindowRect: true, strictFileInteractability: false, timeouts: {implicit: 0, pageLoad: 300000, script: 30000}, unhandledPromptBehavior: dismiss and notify, webauthn:extension:credBlob: true, webauthn:extension:largeBlob: true, webauthn:extension:minPinLength: true, webauthn:extension:prf: true, webauthn:virtualAuthenticators: true}
Session ID: 1d213db28513ee5a2a62fb35e1465d62">
      <![CDATA[org.openqa.selenium.NoSuchWindowException: no such window: target window already closed
from unknown error: web view not found
  (Session info: chrome=114.0.5735.199)
Build info: version: '4.0.0', revision: '3a21814679'
System info: host: 'DESKTOP-VC8FMVO', ip: '172.31.224.1', os.name: 'Windows 10', os.arch: 'amd64', os.version: '10.0', java.version: '19.0.2'
Driver info: org.openqa.selenium.chrome.ChromeDriver
Command: [1d213db28513ee5a2a62fb35e1465d62, maximizeCurrentWindow {}]
Capabilities {acceptInsecureCerts: false, browserName: chrome, browserVersion: 114.0.5735.199, chrome: {chromedriverVersion: 114.0.5735.90 (386bc09e8f4f..., userDataDir: C:\Users\Admin\AppData\Loca...}, goog:chromeOptions: {debuggerAddress: localhost:52256}, javascriptEnabled: true, networkConnectionEnabled: false, pageLoadStrategy: normal, platform: WINDOWS, platformName: WINDOWS, proxy: Proxy(), se:cdp: ws://localhost:52256/devtoo..., se:cdpVersion: 114.0.5735.199, setWindowRect: true, strictFileInteractability: false, timeouts: {implicit: 0, pageLoad: 300000, script: 30000}, unhandledPromptBehavior: dismiss and notify, webauthn:extension:credBlob: true, webauthn:extension:largeBlob: true, webauthn:extension:minPinLength: true, webauthn:extension:prf: true, webauthn:virtualAuthenticators: true}
Session ID: 1d213db28513ee5a2a62fb35e1465d62
at java.base/jdk.internal.reflect.DirectConstructorHandleAccessor.newInstance(DirectConstructorHandleAccessor.java:67)
at java.base/java.lang.reflect.Constructor.newInstanceWithCaller(Constructor.java:500)
at java.base/java.lang.reflect.Constructor.newInstance(Constructor.java:484)
at org.openqa.selenium.remote.codec.w3c.W3CHttpResponseCodec.createException(W3CHttpResponseCodec.java:200)
at org.openqa.selenium.remote.codec.w3c.W3CHttpResponseCodec.decode(W3CHttpResponseCodec.java:133)
at org.openqa.selenium.remote.codec.w3c.W3CHttpResponseCodec.decode(W3CHttpResponseCodec.java:53)
at org.openqa.selenium.remote.HttpCommandExecutor.execute(HttpCommandExecutor.java:184)
at org.openqa.selenium.remote.service.DriverCommandExecutor.invokeExecute(DriverCommandExecutor.java:164)
at org.openqa.selenium.remote.service.DriverCommandExecutor.execute(DriverCommandExecutor.java:139)
at org.openqa.selenium.remote.RemoteWebDriver.execute(RemoteWebDriver.java:559)
at org.openqa.selenium.remote.RemoteWebDriver.execute(RemoteWebDriver.java:614)
at org.openqa.selenium.remote.RemoteWebDriver.execute(RemoteWebDriver.java:618)
at org.openqa.selenium.remote.RemoteWebDriver$RemoteWebDriverOptions$RemoteWindow.maximize(RemoteWebDriver.java:928)
at Base.Browser.initilization(Browser.java:35)
at NetMemTypeProfileTest._2_NetworkMemberProfileTest.setup(_2_NetworkMemberProfileTest.java:22)
at java.base/jdk.internal.reflect.DirectMethodHandleAccessor.invoke(DirectMethodHandleAccessor.java:104)
at java.base/java.lang.reflect.Method.invoke(Method.java:578)
at org.testng.internal.MethodInvocationHelper.invokeMethod(MethodInvocationHelper.java:133)
at org.testng.internal.MethodInvocationHelper.invokeMethodConsideringTimeout(MethodInvocationHelper.java:62)
at org.testng.internal.ConfigInvoker.invokeConfigurationMethod(ConfigInvoker.java:340)
at org.testng.internal.ConfigInvoker.invokeConfigurations(ConfigInvoker.java:294)
at org.testng.internal.TestInvoker.runConfigMethods(TestInvoker.java:683)
at org.testng.internal.TestInvoker.invokeMethod(TestInvoker.java:510)
at org.testng.internal.TestInvoker.invokeTestMethod(TestInvoker.java:172)
at org.testng.internal.MethodRunner.runInSequence(MethodRunner.java:46)
at org.testng.internal.TestInvoker$MethodInvocationAgent.invoke(TestInvoker.java:804)
at org.testng.internal.TestInvoker.invokeTestMethods(TestInvoker.java:145)
at org.testng.internal.TestMethodWorker.invokeTestMethods(TestMethodWorker.java:146)
at org.testng.internal.TestMethodWorker.run(TestMethodWorker.java:128)
at java.base/java.util.ArrayList.forEach(ArrayList.java:1511)
at org.testng.TestRunner.privateRun(TestRunner.java:770)
at org.testng.TestRunner.run(TestRunner.java:591)
at org.testng.SuiteRunner.runTest(SuiteRunner.java:402)
at org.testng.SuiteRunner.runSequentially(SuiteRunner.java:396)
at org.testng.SuiteRunner.privateRun(SuiteRunner.java:355)
at org.testng.SuiteRunner.run(SuiteRunner.java:304)
at org.testng.SuiteRunnerWorker.runSuite(SuiteRunnerWorker.java:53)
at org.testng.SuiteRunnerWorker.run(SuiteRunnerWorker.java:96)
at org.testng.TestNG.runSuitesSequentially(TestNG.java:1180)
at org.testng.TestNG.runSuitesLocally(TestNG.java:1102)
at org.testng.TestNG.runSuites(TestNG.java:1032)
at org.testng.TestNG.run(TestNG.java:1000)
at org.testng.remote.AbstractRemoteTestNG.run(AbstractRemoteTestNG.java:115)
at org.testng.remote.RemoteTestNG.initAndRun(RemoteTestNG.java:251)
at org.testng.remote.RemoteTestNG.main(RemoteTestNG.java:77)
]]>
    </failure>
  </testcase> <!-- @BeforeMethod setup -->
  <testcase classname="NetMemTypeProfileTest._2_NetworkMemberProfileTest" name="@AfterMethod exit" time="-1.688017081541E9">
    <skipped/>
  </testcase> <!-- @AfterMethod exit -->
  <testcase classname="NetMemTypeProfileTest._2_NetworkMemberProfileTest" name="@BeforeMethod setup" time="-1.68801708155E9">
    <skipped/>
  </testcase> <!-- @BeforeMethod setup -->
  <testcase classname="NetMemTypeProfileTest._2_NetworkMemberProfileTest" name="@AfterMethod exit" time="-1.688017081598E9">
    <skipped/>
  </testcase> <!-- @AfterMethod exit -->
  <testcase classname="NetMemTypeProfileTest._2_NetworkMemberProfileTest" name="@BeforeMethod setup" time="-1.688017081607E9">
    <skipped/>
  </testcase> <!-- @BeforeMethod setup -->
  <testcase classname="NetMemTypeProfileTest._2_NetworkMemberProfileTest" name="@AfterMethod exit" time="-1.688017081621E9">
    <skipped/>
  </testcase> <!-- @AfterMethod exit -->
  <testcase classname="NetMemTypeProfileTest._2_NetworkMemberProfileTest" name="@BeforeMethod setup" time="-1.688017081626E9">
    <skipped/>
  </testcase> <!-- @BeforeMethod setup -->
  <testcase classname="NetMemTypeProfileTest._2_NetworkMemberProfileTest" name="@AfterMethod exit" time="-1.688017081634E9">
    <skipped/>
  </testcase> <!-- @AfterMethod exit -->
  <testcase classname="NetMemTypeProfileTest._2_NetworkMemberProfileTest" name="@BeforeMethod setup" time="-1.68801708164E9">
    <skipped/>
  </testcase> <!-- @BeforeMethod setup -->
  <testcase classname="NetMemTypeProfileTest._2_NetworkMemberProfileTest" name="@AfterMethod exit" time="-1.68801708165E9">
    <skipped/>
  </testcase> <!-- @AfterMethod exit -->
  <testcase classname="NetMemTypeProfileTest._2_NetworkMemberProfileTest" name="@BeforeMethod setup" time="-1.688017081651E9">
    <skipped/>
  </testcase> <!-- @BeforeMethod setup -->
  <testcase classname="NetMemTypeProfileTest._2_NetworkMemberProfileTest" name="@AfterMethod exit" time="-1.688017081677E9">
    <skipped/>
  </testcase> <!-- @AfterMethod exit -->
  <testcase classname="NetMemTypeProfileTest._2_NetworkMemberProfileTest" name="@BeforeMethod setup" time="-1.688017081683E9">
    <skipped/>
  </testcase> <!-- @BeforeMethod setup -->
  <testcase classname="NetMemTypeProfileTest._2_NetworkMemberProfileTest" name="@AfterMethod exit" time="-1.688017081692E9">
    <skipped/>
  </testcase> <!-- @AfterMethod exit -->
  <testcase classname="NetMemTypeProfileTest._2_NetworkMemberProfileTest" name="ProviderConTest" time="0.0">
    <skipped/>
  </testcase> <!-- ProviderConTest -->
  <testcase classname="NetMemTypeProfileTest._2_NetworkMemberProfileTest" name="test1" time="0.0">
    <skipped/>
  </testcase> <!-- test1 -->
  <testcase classname="NetMemTypeProfileTest._2_NetworkMemberProfileTest" name="NMGroupTyTest" time="0.0">
    <skipped/>
  </testcase> <!-- NMGroupTyTest -->
  <testcase classname="NetMemTypeProfileTest._2_NetworkMemberProfileTest" name="currencyTest" time="0.0">
    <skipped/>
  </testcase> <!-- currencyTest -->
  <testcase classname="NetMemTypeProfileTest._2_NetworkMemberProfileTest" name="nameTest" time="0.0">
    <skipped/>
  </testcase> <!-- nameTest -->
  <testcase classname="NetMemTypeProfileTest._2_NetworkMemberProfileTest" name="memberGrpTest" time="0.0">
    <skipped/>
  </testcase> <!-- memberGrpTest -->
  <testcase classname="NetMemTypeProfileTest._2_NetworkMemberProfileTest" name="addressTest" time="0.0">
    <skipped/>
  </testcase> <!-- addressTest -->
  <testcase classname="NetMemTypeProfileTest._2_NetworkMemberProfileTest" name="verifyURL" time="0.0">
    <ignored/>
  </testcase> <!-- verifyURL -->
  <testcase classname="NetMemTypeProfileTest._2_NetworkMemberProfileTest" name="activeStaTest" time="0.0">
    <ignored/>
  </testcase> <!-- activeStaTest -->
  <testcase classname="NetMemTypeProfileTest._2_NetworkMemberProfileTest" name="saveTest" time="0.0">
    <ignored/>
  </testcase> <!-- saveTest -->
  <testcase classname="NetMemTypeProfileTest._2_NetworkMemberProfileTest" name="verifyKeyPerson" time="0.0">
    <ignored/>
  </testcase> <!-- verifyKeyPerson -->
  <testcase classname="NetMemTypeProfileTest._2_NetworkMemberProfileTest" name="contactDetailsTest" time="0.0">
    <ignored/>
  </testcase> <!-- contactDetailsTest -->
  <testcase classname="NetMemTypeProfileTest._2_NetworkMemberProfileTest" name="cityTest" time="0.0">
    <ignored/>
  </testcase> <!-- cityTest -->
  <testcase classname="NetMemTypeProfileTest._2_NetworkMemberProfileTest" name="verifyEmail1" time="0.0">
    <ignored/>
  </testcase> <!-- verifyEmail1 -->
  <testcase classname="NetMemTypeProfileTest._2_NetworkMemberProfileTest" name="verifyKPDesignation" time="0.0">
    <ignored/>
  </testcase> <!-- verifyKPDesignation -->
  <testcase classname="NetMemTypeProfileTest._2_NetworkMemberProfileTest" name="citySubLocTest" time="0.0">
    <ignored/>
  </testcase> <!-- citySubLocTest -->
  <testcase classname="NetMemTypeProfileTest._2_NetworkMemberProfileTest" name="verifyPhone" time="0.0">
    <ignored/>
  </testcase> <!-- verifyPhone -->
  <testcase classname="NetMemTypeProfileTest._2_NetworkMemberProfileTest" name="NMCountryTest" time="0.0">
    <ignored/>
  </testcase> <!-- NMCountryTest -->
  <testcase classname="NetMemTypeProfileTest._2_NetworkMemberProfileTest" name="verifyFax" time="0.0">
    <ignored/>
  </testcase> <!-- verifyFax -->
  <testcase classname="NetMemTypeProfileTest._2_NetworkMemberProfileTest" name="ownershipTest" time="0.0">
    <ignored/>
  </testcase> <!-- ownershipTest -->
  <testcase classname="NetMemTypeProfileTest._2_NetworkMemberProfileTest" name="verifyKPmail" time="0.0">
    <ignored/>
  </testcase> <!-- verifyKPmail -->
  <testcase classname="NetMemTypeProfileTest._2_NetworkMemberProfileTest" name="gpsLocationTest" time="0.0">
    <ignored/>
  </testcase> <!-- gpsLocationTest -->
  <testcase classname="NetMemTypeProfileTest._2_NetworkMemberProfileTest" name="verifyKPMobile" time="0.0">
    <ignored/>
  </testcase> <!-- verifyKPMobile -->
  <testcase classname="NetMemTypeProfileTest._2_NetworkMemberProfileTest" name="remarksTest" time="0.0">
    <ignored/>
  </testcase> <!-- remarksTest -->
  <testcase classname="NetMemTypeProfileTest._2_NetworkMemberProfileTest" name="servicePTTest" time="0.0">
    <ignored/>
  </testcase> <!-- servicePTTest -->
</testsuite> <!-- Default test -->
